<?xml version="1.0" encoding="UTF-8"?>
<!-- Generated by org.testng.reporters.JUnitReportReporter -->
<testsuite hostname="LAPTOP-D9ARN49P" failures="0" tests="1" name="scripts.Testcase1" time="18.197" errors="0" timestamp="2022-10-19T01:38:13 IST" skipped="0">
  <testcase classname="scripts.Testcase1" name="tc1" time="18.197"/>
  <system-out/>
</testsuite> <!-- scripts.Testcase1 -->
