<?xml version="1.0" encoding="UTF-8"?>
<!-- Generated by org.testng.reporters.JUnitReportReporter -->
<testsuite hostname="LAPTOP-D9ARN49P" failures="0" tests="1" name="scripts.TestCase2" time="12.247" errors="0" timestamp="2022-10-19T11:26:41 IST" skipped="0">
  <testcase classname="scripts.TestCase2" name="tc2" time="12.247"/>
  <system-out/>
</testsuite> <!-- scripts.TestCase2 -->
